2026-01-03 17:09:54,295 | INFO     | 📡 FASE 1: Recolección (Límite: 12)...
2026-01-03 17:10:12,040 | INFO     | 🔎 FASE 2: Triage IA (141 items)...
2026-01-03 17:10:12,040 | INFO     | AFC is enabled with max remote calls: 10.
2026-01-03 17:10:26,772 | INFO     | AFC is enabled with max remote calls: 10.
2026-01-03 17:10:40,381 | INFO     | AFC is enabled with max remote calls: 10.
2026-01-03 17:10:56,946 | INFO     | AFC is enabled with max remote calls: 10.
2026-01-03 17:11:09,050 | INFO     | AFC is enabled with max remote calls: 10.
2026-01-03 17:11:23,120 | INFO     | AFC is enabled with max remote calls: 10.
2026-01-03 17:11:33,771 | INFO     | 📐 FASE 3: Análisis Vectorial...
2026-01-03 17:11:33,771 | INFO     | 💾 FASE 4: Exportación...
2026-01-03 17:23:30,512 | INFO     | 📡 FASE 1: Recolección (Límite: 12)...
2026-01-03 17:23:49,601 | INFO     | 🔎 FASE 2: Clasificación IA (141 items)...
2026-01-03 17:23:49,601 | INFO     | AFC is enabled with max remote calls: 10.
2026-01-03 17:23:57,855 | INFO     | AFC is enabled with max remote calls: 10.
2026-01-03 17:24:06,214 | INFO     | AFC is enabled with max remote calls: 10.
2026-01-03 17:24:14,013 | INFO     | AFC is enabled with max remote calls: 10.
2026-01-03 17:24:23,415 | INFO     | AFC is enabled with max remote calls: 10.
2026-01-03 17:24:31,310 | INFO     | AFC is enabled with max remote calls: 10.
2026-01-03 17:24:39,211 | INFO     | AFC is enabled with max remote calls: 10.
2026-01-03 17:24:47,514 | INFO     | AFC is enabled with max remote calls: 10.
2026-01-03 17:24:49,324 | INFO     | 📐 FASE 3: Análisis Vectorial...
2026-01-03 17:24:50,989 | INFO     | 💾 FASE 4: Exportación...
2026-01-03 18:58:25,572 | INFO     | 📡 FASE 1: Recolección (Límite: 12)...
2026-01-03 18:58:46,363 | INFO     | 🔎 FASE 2: Clasificación IA (140 items)...
2026-01-03 18:58:46,363 | INFO     | AFC is enabled with max remote calls: 10.
2026-01-03 18:58:54,728 | INFO     | AFC is enabled with max remote calls: 10.
2026-01-03 18:59:03,285 | INFO     | AFC is enabled with max remote calls: 10.
2026-01-03 18:59:11,639 | INFO     | AFC is enabled with max remote calls: 10.
2026-01-03 18:59:20,438 | INFO     | AFC is enabled with max remote calls: 10.
2026-01-03 18:59:28,345 | INFO     | AFC is enabled with max remote calls: 10.
2026-01-03 18:59:36,510 | INFO     | AFC is enabled with max remote calls: 10.
2026-01-03 18:59:44,311 | INFO     | 📐 FASE 3: Análisis Vectorial...
2026-01-03 18:59:45,175 | INFO     | 💾 FASE 4: Exportación...
2026-01-04 00:02:45,249 | INFO     | 📡 FASE 1: Recolección (Límite: 12)...
2026-01-04 00:03:00,877 | INFO     | 🔎 FASE 2: Clasificación IA (143 items)...
2026-01-04 00:03:00,877 | INFO     | AFC is enabled with max remote calls: 10.
2026-01-04 00:03:09,563 | INFO     | AFC is enabled with max remote calls: 10.
2026-01-04 00:03:17,856 | INFO     | AFC is enabled with max remote calls: 10.
2026-01-04 00:03:26,369 | INFO     | AFC is enabled with max remote calls: 10.
2026-01-04 00:03:34,823 | INFO     | AFC is enabled with max remote calls: 10.
2026-01-04 00:03:42,971 | INFO     | AFC is enabled with max remote calls: 10.
2026-01-04 00:03:51,032 | INFO     | AFC is enabled with max remote calls: 10.
2026-01-04 00:03:58,977 | INFO     | AFC is enabled with max remote calls: 10.
2026-01-04 00:04:01,433 | INFO     | 📐 FASE 3: Análisis Vectorial...
2026-01-04 00:04:02,181 | INFO     | 💾 FASE 4: Exportación...
2026-01-04 00:36:30,466 | INFO     | 📡 FASE 1: Recolección (Límite: 12)...
2026-01-04 00:36:56,451 | INFO     | 🔎 FASE 2: Clasificación IA (238 items)...
2026-01-04 00:36:56,452 | INFO     | AFC is enabled with max remote calls: 10.
2026-01-04 00:37:05,117 | INFO     | AFC is enabled with max remote calls: 10.
2026-01-04 00:37:13,601 | INFO     | AFC is enabled with max remote calls: 10.
2026-01-04 00:37:21,656 | INFO     | AFC is enabled with max remote calls: 10.
2026-01-04 00:37:29,732 | INFO     | AFC is enabled with max remote calls: 10.
2026-01-04 00:37:38,024 | INFO     | AFC is enabled with max remote calls: 10.
2026-01-04 00:37:46,214 | INFO     | AFC is enabled with max remote calls: 10.
2026-01-04 00:37:54,510 | INFO     | AFC is enabled with max remote calls: 10.
2026-01-04 00:38:02,830 | INFO     | AFC is enabled with max remote calls: 10.
2026-01-04 00:38:10,750 | INFO     | AFC is enabled with max remote calls: 10.
2026-01-04 00:38:19,498 | INFO     | AFC is enabled with max remote calls: 10.
2026-01-04 00:38:27,788 | INFO     | AFC is enabled with max remote calls: 10.
2026-01-04 00:38:35,090 | INFO     | 📐 FASE 3: Análisis Vectorial...
2026-01-04 00:38:36,551 | INFO     | 💬 FASE 3.5: Generando Diálogo Geopolítico...
2026-01-04 00:38:36,551 | INFO     | AFC is enabled with max remote calls: 10.
2026-01-04 00:38:37,111 | INFO     | AFC is enabled with max remote calls: 10.
2026-01-04 00:38:37,808 | INFO     | AFC is enabled with max remote calls: 10.
2026-01-04 00:38:38,346 | INFO     | AFC is enabled with max remote calls: 10.
2026-01-04 00:38:39,075 | INFO     | AFC is enabled with max remote calls: 10.
2026-01-04 00:38:39,768 | INFO     | AFC is enabled with max remote calls: 10.
2026-01-04 00:38:40,417 | INFO     | 💾 FASE 4: Exportación...
2026-01-04 04:23:47,776 | INFO     | 📡 FASE 1: Recolección (Límite: 12)...
2026-01-04 04:24:14,751 | INFO     | 🔎 FASE 2: Clasificación IA (240 items)...
2026-01-04 04:24:14,751 | INFO     | AFC is enabled with max remote calls: 10.
2026-01-04 04:24:22,545 | INFO     | AFC is enabled with max remote calls: 10.
2026-01-04 04:24:30,350 | INFO     | AFC is enabled with max remote calls: 10.
2026-01-04 04:24:38,037 | INFO     | AFC is enabled with max remote calls: 10.
2026-01-04 04:24:46,381 | INFO     | AFC is enabled with max remote calls: 10.
2026-01-04 04:24:54,345 | INFO     | AFC is enabled with max remote calls: 10.
2026-01-04 04:25:02,024 | INFO     | AFC is enabled with max remote calls: 10.
2026-01-04 04:25:09,780 | INFO     | AFC is enabled with max remote calls: 10.
2026-01-04 04:25:18,079 | INFO     | AFC is enabled with max remote calls: 10.
2026-01-04 04:25:25,221 | INFO     | AFC is enabled with max remote calls: 10.
2026-01-04 04:25:33,645 | INFO     | AFC is enabled with max remote calls: 10.
2026-01-04 04:25:42,339 | INFO     | AFC is enabled with max remote calls: 10.
2026-01-04 04:25:50,725 | INFO     | 📐 FASE 3: Análisis Vectorial...
2026-01-04 04:25:51,566 | INFO     | 💬 FASE 3.5: Generando Diálogo Geopolítico...
2026-01-04 04:25:51,566 | INFO     | AFC is enabled with max remote calls: 10.
2026-01-04 04:25:52,371 | INFO     | AFC is enabled with max remote calls: 10.
2026-01-04 04:25:53,152 | INFO     | AFC is enabled with max remote calls: 10.
2026-01-04 04:25:53,869 | INFO     | AFC is enabled with max remote calls: 10.
2026-01-04 04:25:54,602 | INFO     | AFC is enabled with max remote calls: 10.
2026-01-04 04:25:55,414 | INFO     | AFC is enabled with max remote calls: 10.
2026-01-04 04:25:56,186 | INFO     | 💾 FASE 4: Exportación...
2026-01-04 05:06:09,519 | INFO     | 📡 FASE 1: Recolección (Límite: 12)...
2026-01-04 05:06:37,466 | INFO     | 🔎 FASE 2: Clasificación IA (240 items)...
2026-01-04 05:06:37,467 | INFO     | AFC is enabled with max remote calls: 10.
2026-01-04 05:06:45,244 | INFO     | AFC is enabled with max remote calls: 10.
2026-01-04 05:06:53,289 | INFO     | AFC is enabled with max remote calls: 10.
2026-01-04 05:07:01,034 | INFO     | AFC is enabled with max remote calls: 10.
2026-01-04 05:07:09,227 | INFO     | AFC is enabled with max remote calls: 10.
2026-01-04 05:07:16,823 | INFO     | AFC is enabled with max remote calls: 10.
2026-01-04 05:07:24,310 | INFO     | AFC is enabled with max remote calls: 10.
2026-01-04 05:07:32,254 | INFO     | AFC is enabled with max remote calls: 10.
2026-01-04 05:07:40,308 | INFO     | AFC is enabled with max remote calls: 10.
2026-01-04 05:07:47,551 | INFO     | AFC is enabled with max remote calls: 10.
2026-01-04 05:07:55,995 | INFO     | AFC is enabled with max remote calls: 10.
2026-01-04 05:08:04,322 | INFO     | AFC is enabled with max remote calls: 10.
2026-01-04 05:08:12,239 | INFO     | 📐 FASE 3: Análisis Vectorial...
2026-01-04 05:08:12,908 | INFO     | 💬 FASE 3.5: Generando Diálogo Geopolítico...
2026-01-04 05:08:12,908 | INFO     | AFC is enabled with max remote calls: 10.
2026-01-04 05:08:13,763 | INFO     | AFC is enabled with max remote calls: 10.
2026-01-04 05:08:14,494 | INFO     | AFC is enabled with max remote calls: 10.
2026-01-04 05:08:15,198 | INFO     | AFC is enabled with max remote calls: 10.
2026-01-04 05:08:15,826 | INFO     | AFC is enabled with max remote calls: 10.
2026-01-04 05:08:16,456 | INFO     | AFC is enabled with max remote calls: 10.
2026-01-04 05:08:17,170 | INFO     | 💾 FASE 4: Exportación...
2026-01-04 06:50:35,874 | INFO     | 📡 FASE 1: Recolección (Límite: 12)...
2026-01-04 06:51:09,019 | INFO     | 🔎 FASE 2: Clasificación IA (352 items)...
2026-01-04 06:51:09,019 | INFO     | AFC is enabled with max remote calls: 10.
2026-01-04 06:51:16,964 | INFO     | AFC is enabled with max remote calls: 10.
2026-01-04 06:51:25,255 | INFO     | AFC is enabled with max remote calls: 10.
2026-01-04 06:51:33,673 | INFO     | AFC is enabled with max remote calls: 10.
2026-01-04 06:51:41,476 | INFO     | AFC is enabled with max remote calls: 10.
2026-01-04 06:51:49,661 | INFO     | AFC is enabled with max remote calls: 10.
2026-01-04 06:51:58,088 | INFO     | AFC is enabled with max remote calls: 10.
2026-01-04 06:52:06,288 | INFO     | AFC is enabled with max remote calls: 10.
2026-01-04 06:52:14,862 | INFO     | AFC is enabled with max remote calls: 10.
2026-01-04 06:52:22,773 | INFO     | AFC is enabled with max remote calls: 10.
2026-01-04 06:52:30,551 | INFO     | AFC is enabled with max remote calls: 10.
2026-01-04 06:52:38,735 | INFO     | AFC is enabled with max remote calls: 10.
2026-01-04 06:52:46,938 | INFO     | AFC is enabled with max remote calls: 10.
2026-01-04 06:52:54,652 | INFO     | AFC is enabled with max remote calls: 10.
2026-01-04 06:53:02,607 | INFO     | AFC is enabled with max remote calls: 10.
2026-01-04 06:53:10,569 | INFO     | AFC is enabled with max remote calls: 10.
2026-01-04 06:53:19,126 | INFO     | AFC is enabled with max remote calls: 10.
2026-01-04 06:53:27,962 | INFO     | AFC is enabled with max remote calls: 10.
2026-01-04 06:53:33,870 | INFO     | 📐 FASE 3: Análisis Vectorial (Escala No-Lineal)...
2026-01-04 06:53:36,000 | INFO     | 💬 FASE 3.5: Generando Diálogo Geopolítico (Regional Clustering)...
2026-01-04 06:53:36,011 | INFO     | AFC is enabled with max remote calls: 10.
2026-01-04 06:53:36,803 | INFO     | AFC is enabled with max remote calls: 10.
2026-01-04 06:53:37,549 | INFO     | AFC is enabled with max remote calls: 10.
2026-01-04 06:53:38,315 | INFO     | AFC is enabled with max remote calls: 10.
2026-01-04 06:53:39,012 | INFO     | AFC is enabled with max remote calls: 10.
2026-01-04 06:53:39,782 | INFO     | AFC is enabled with max remote calls: 10.
2026-01-04 06:53:40,383 | INFO     | 💾 FASE 4: Exportación...
2026-01-04 07:01:56,626 | INFO     | 📡 FASE 1: Recolección (Límite: 12)...
2026-01-04 07:02:33,693 | INFO     | 🔎 FASE 2: Clasificación IA (352 items)...
2026-01-04 07:02:33,693 | INFO     | AFC is enabled with max remote calls: 10.
2026-01-04 07:02:41,913 | INFO     | AFC is enabled with max remote calls: 10.
2026-01-04 07:02:50,296 | INFO     | AFC is enabled with max remote calls: 10.
2026-01-04 07:02:58,874 | INFO     | AFC is enabled with max remote calls: 10.
2026-01-04 07:03:06,300 | INFO     | AFC is enabled with max remote calls: 10.
2026-01-04 07:03:14,461 | INFO     | AFC is enabled with max remote calls: 10.
2026-01-04 07:03:23,333 | INFO     | AFC is enabled with max remote calls: 10.
2026-01-04 07:03:31,212 | INFO     | AFC is enabled with max remote calls: 10.
2026-01-04 07:03:39,695 | INFO     | AFC is enabled with max remote calls: 10.
2026-01-04 07:03:48,223 | INFO     | AFC is enabled with max remote calls: 10.
2026-01-04 07:03:56,211 | INFO     | AFC is enabled with max remote calls: 10.
2026-01-04 07:04:03,961 | INFO     | AFC is enabled with max remote calls: 10.
2026-01-04 07:04:12,057 | INFO     | AFC is enabled with max remote calls: 10.
2026-01-04 07:04:19,704 | INFO     | AFC is enabled with max remote calls: 10.
2026-01-04 07:04:27,881 | INFO     | AFC is enabled with max remote calls: 10.
2026-01-04 07:04:36,037 | INFO     | AFC is enabled with max remote calls: 10.
2026-01-04 07:04:43,899 | INFO     | AFC is enabled with max remote calls: 10.
2026-01-04 07:04:52,483 | INFO     | AFC is enabled with max remote calls: 10.
2026-01-04 07:04:58,191 | INFO     | 📐 FASE 3: Análisis Vectorial (Escala No-Lineal)...
2026-01-04 07:04:58,650 | INFO     | 💬 FASE 3.5: Generando Diálogo Geopolítico (Regional Clustering)...
2026-01-04 07:04:58,661 | INFO     | AFC is enabled with max remote calls: 10.
2026-01-04 07:04:59,383 | INFO     | AFC is enabled with max remote calls: 10.
2026-01-04 07:05:00,027 | INFO     | AFC is enabled with max remote calls: 10.
2026-01-04 07:05:00,779 | INFO     | AFC is enabled with max remote calls: 10.
2026-01-04 07:05:01,463 | INFO     | AFC is enabled with max remote calls: 10.
2026-01-04 07:05:02,253 | INFO     | AFC is enabled with max remote calls: 10.
2026-01-04 07:05:02,987 | INFO     | 💾 FASE 4: Exportación...
2026-01-04 07:06:43,782 | INFO     | 📡 FASE 1: Recolección (Límite: 20)...
2026-01-04 07:07:23,538 | INFO     | 🔎 FASE 2: Clasificación IA (533 items)...
2026-01-04 07:07:23,538 | INFO     | AFC is enabled with max remote calls: 10.
2026-01-04 07:07:31,032 | INFO     | AFC is enabled with max remote calls: 10.
2026-01-04 07:07:39,346 | INFO     | AFC is enabled with max remote calls: 10.
2026-01-04 07:07:47,469 | INFO     | AFC is enabled with max remote calls: 10.
2026-01-04 07:07:56,410 | INFO     | AFC is enabled with max remote calls: 10.
2026-01-04 07:08:03,333 | ERROR    | Error Batch IA: Expecting ',' delimiter: line 3 column 129 (char 1
2026-01-04 07:08:03,333 | INFO     | 🛡️ Fallback recuperó 17 noticias.
2026-01-04 07:08:04,335 | INFO     | AFC is enabled with max remote calls: 10.
2026-01-04 07:08:12,162 | INFO     | AFC is enabled with max remote calls: 10.
2026-01-04 07:08:20,342 | INFO     | AFC is enabled with max remote calls: 10.
2026-01-04 07:08:29,070 | INFO     | AFC is enabled with max remote calls: 10.
2026-01-04 07:08:37,722 | INFO     | AFC is enabled with max remote calls: 10.
2026-01-04 07:08:45,767 | INFO     | AFC is enabled with max remote calls: 10.
2026-01-04 07:08:54,134 | INFO     | AFC is enabled with max remote calls: 10.
2026-01-04 07:09:02,479 | INFO     | AFC is enabled with max remote calls: 10.
2026-01-04 07:09:10,545 | INFO     | AFC is enabled with max remote calls: 10.
2026-01-04 07:09:18,007 | INFO     | AFC is enabled with max remote calls: 10.
2026-01-04 07:09:25,877 | INFO     | AFC is enabled with max remote calls: 10.
2026-01-04 07:09:33,776 | INFO     | AFC is enabled with max remote calls: 10.
2026-01-04 07:09:42,131 | INFO     | AFC is enabled with max remote calls: 10.
2026-01-04 07:09:50,305 | INFO     | AFC is enabled with max remote calls: 10.
2026-01-04 07:09:58,141 | INFO     | AFC is enabled with max remote calls: 10.
2026-01-04 07:10:05,756 | INFO     | AFC is enabled with max remote calls: 10.
2026-01-04 07:10:13,749 | INFO     | AFC is enabled with max remote calls: 10.
2026-01-04 07:10:22,007 | INFO     | AFC is enabled with max remote calls: 10.
2026-01-04 07:10:30,392 | INFO     | AFC is enabled with max remote calls: 10.
2026-01-04 07:10:39,277 | INFO     | AFC is enabled with max remote calls: 10.
2026-01-04 07:10:47,642 | INFO     | AFC is enabled with max remote calls: 10.
2026-01-04 07:10:56,452 | INFO     | AFC is enabled with max remote calls: 10.
2026-01-04 07:11:02,183 | INFO     | 📐 FASE 3: Análisis Vectorial (Escala No-Lineal)...
2026-01-04 07:11:04,712 | INFO     | 💬 FASE 3.5: Generando Diálogo Geopolítico (Regional Clustering)...
2026-01-04 07:11:04,727 | INFO     | AFC is enabled with max remote calls: 10.
2026-01-04 07:11:05,484 | INFO     | AFC is enabled with max remote calls: 10.
2026-01-04 07:11:06,244 | INFO     | AFC is enabled with max remote calls: 10.
2026-01-04 07:11:06,938 | INFO     | AFC is enabled with max remote calls: 10.
2026-01-04 07:11:07,696 | INFO     | AFC is enabled with max remote calls: 10.
2026-01-04 07:11:08,481 | INFO     | AFC is enabled with max remote calls: 10.
2026-01-04 07:11:09,175 | INFO     | 💾 FASE 4: Exportación...
2026-01-04 07:45:53,951 | INFO     | 📡 FASE 1: Recolección (Límite: 20)...
2026-01-04 07:46:35,170 | INFO     | 🔎 FASE 2: Clasificación IA (533 items)...
2026-01-04 07:46:35,171 | INFO     | AFC is enabled with max remote calls: 10.
2026-01-04 07:46:43,147 | INFO     | AFC is enabled with max remote calls: 10.
2026-01-04 07:46:51,583 | INFO     | AFC is enabled with max remote calls: 10.
2026-01-04 07:46:59,820 | INFO     | AFC is enabled with max remote calls: 10.
2026-01-04 07:47:08,521 | INFO     | AFC is enabled with max remote calls: 10.
2026-01-04 07:47:16,246 | ERROR    | Error Batch IA: Expecting ',' delimiter: line 3 column 128 (char 1
2026-01-04 07:47:16,246 | INFO     | 🛡️ Fallback recuperó 17 noticias.
2026-01-04 07:47:17,248 | INFO     | AFC is enabled with max remote calls: 10.
2026-01-04 07:47:25,638 | INFO     | AFC is enabled with max remote calls: 10.
2026-01-04 07:47:33,733 | INFO     | AFC is enabled with max remote calls: 10.
2026-01-04 07:47:42,588 | INFO     | AFC is enabled with max remote calls: 10.
2026-01-04 07:47:51,250 | INFO     | AFC is enabled with max remote calls: 10.
2026-01-04 07:47:59,480 | INFO     | AFC is enabled with max remote calls: 10.
2026-01-04 07:48:08,041 | INFO     | AFC is enabled with max remote calls: 10.
2026-01-04 07:48:16,207 | INFO     | AFC is enabled with max remote calls: 10.
2026-01-04 07:48:24,651 | INFO     | AFC is enabled with max remote calls: 10.
2026-01-04 07:48:32,354 | INFO     | AFC is enabled with max remote calls: 10.
2026-01-04 07:48:40,249 | INFO     | AFC is enabled with max remote calls: 10.
2026-01-04 07:48:48,473 | INFO     | AFC is enabled with max remote calls: 10.
2026-01-04 07:48:56,224 | INFO     | AFC is enabled with max remote calls: 10.
2026-01-04 07:49:04,676 | INFO     | AFC is enabled with max remote calls: 10.
2026-01-04 07:49:12,577 | INFO     | AFC is enabled with max remote calls: 10.
2026-01-04 07:49:20,174 | INFO     | AFC is enabled with max remote calls: 10.
2026-01-04 07:49:28,705 | INFO     | AFC is enabled with max remote calls: 10.
2026-01-04 07:49:37,100 | INFO     | AFC is enabled with max remote calls: 10.
2026-01-04 07:49:45,223 | INFO     | AFC is enabled with max remote calls: 10.
2026-01-04 07:49:54,311 | INFO     | AFC is enabled with max remote calls: 10.
2026-01-04 07:50:02,722 | INFO     | AFC is enabled with max remote calls: 10.
2026-01-04 07:50:11,571 | INFO     | AFC is enabled with max remote calls: 10.
2026-01-04 07:50:17,264 | INFO     | 📐 FASE 3: Análisis Vectorial (Escala No-Lineal)...
2026-01-04 07:50:18,067 | INFO     | 💬 FASE 3.5: Generando Diálogo Geopolítico (Regional Clustering)...
2026-01-04 07:50:18,083 | INFO     | AFC is enabled with max remote calls: 10.
2026-01-04 07:50:19,268 | INFO     | AFC is enabled with max remote calls: 10.
2026-01-04 07:50:20,650 | INFO     | AFC is enabled with max remote calls: 10.
2026-01-04 07:50:21,861 | INFO     | AFC is enabled with max remote calls: 10.
2026-01-04 07:50:23,039 | INFO     | AFC is enabled with max remote calls: 10.
2026-01-04 07:50:24,301 | INFO     | AFC is enabled with max remote calls: 10.
2026-01-04 07:50:25,632 | INFO     | 💾 FASE 4: Exportación...
2026-01-04 07:50:25,642 | INFO     | 📜 FASE 5: Generando Archivo Histórico (Briefs)...
2026-01-04 07:50:25,659 | INFO     |    > Generando Informe para M1-2026 (3 días)...
2026-01-04 07:50:25,661 | INFO     | AFC is enabled with max remote calls: 10.
2026-01-04 07:50:26,869 | INFO     |    > Generando Informe para W1-2026 (3 días)...
2026-01-04 07:50:26,870 | INFO     | AFC is enabled with max remote calls: 10.
